<?xml version="1.0" encoding="UTF-8"?>
<coverage generated="1546641154189" clover="3.2.0">
  <project timestamp="1546641154189" name="All files">
    <metrics statements="21" coveredstatements="21" conditionals="10" coveredconditionals="10" methods="12" coveredmethods="11" elements="43" coveredelements="42" complexity="0" loc="21" ncloc="21" packages="2" files="3" classes="3">
      <package name="src">
        <metrics statements="8" coveredstatements="8" conditionals="0" coveredconditionals="0" methods="3" coveredmethods="3"/>
        <file name="app.js" path="/Users/administrateur/Documents/WORK/GIT/sylvain-app-react-native/sylvain-app/src/app.js">
          <metrics statements="8" coveredstatements="8" conditionals="0" coveredconditionals="0" methods="3" coveredmethods="3"/>
          <line num="1" count="2" type="stmt"/>
          <line num="2" count="2" type="stmt"/>
          <line num="4" count="2" type="stmt"/>
          <line num="6" count="2" type="stmt"/>
          <line num="8" count="2" type="stmt"/>
          <line num="10" count="2" type="stmt"/>
          <line num="16" count="2" type="stmt"/>
          <line num="19" count="2" type="stmt"/>
        </file>
      </package>
      <package name="src.phrases">
        <metrics statements="13" coveredstatements="13" conditionals="10" coveredconditionals="10" methods="9" coveredmethods="8"/>
        <file name="audio-button.js" path="/Users/administrateur/Documents/WORK/GIT/sylvain-app-react-native/sylvain-app/src/phrases/audio-button.js">
          <metrics statements="8" coveredstatements="8" conditionals="6" coveredconditionals="6" methods="5" coveredmethods="5"/>
          <line num="1" count="3" type="stmt"/>
          <line num="2" count="3" type="stmt"/>
          <line num="3" count="3" type="stmt"/>
          <line num="5" count="9" type="stmt"/>
          <line num="6" count="4" type="cond" truecount="4" falsecount="0"/>
          <line num="8" count="4" type="cond" truecount="2" falsecount="0"/>
          <line num="12" count="4" type="stmt"/>
          <line num="20" count="3" type="stmt"/>
        </file>
        <file name="audio-player.js" path="/Users/administrateur/Documents/WORK/GIT/sylvain-app-react-native/sylvain-app/src/phrases/audio-player.js">
          <metrics statements="5" coveredstatements="5" conditionals="4" coveredconditionals="4" methods="4" coveredmethods="3"/>
          <line num="1" count="4" type="stmt"/>
          <line num="3" count="4" type="stmt"/>
          <line num="4" count="3" type="cond" truecount="4" falsecount="0"/>
          <line num="5" count="1" type="stmt"/>
          <line num="6" count="4" type="stmt"/>
        </file>
      </package>
    </metrics>
  </project>
</coverage>
