{"/Users/administrateur/Documents/WORK/GIT/sylvain-app-react-native/sylvain-app/src/app.js": {"path":"/Users/administrateur/Documents/WORK/GIT/sylvain-app-react-native/sylvain-app/src/app.js","statementMap":{"0":{"start":{"line":1,"column":42},"end":{"line":1,"column":97}},"1":{"start":{"line":1,"column":98},"end":{"line":1,"column":160}},"2":{"start":{"line":1,"column":160},"end":{"line":1,"column":181}},"3":{"start":{"line":1,"column":204},"end":{"line":1,"column":276}},"4":{"start":{"line":1,"column":297},"end":{"line":1,"column":366}},"5":{"start":{"line":1,"column":401},"end":{"line":1,"column":484}},"6":{"start":{"line":1,"column":508},"end":{"line":1,"column":580}},"7":{"start":{"line":1,"column":598},"end":{"line":1,"column":664}},"8":{"start":{"line":1,"column":678},"end":{"line":1,"column":718}},"9":{"start":{"line":2,"column":19},"end":{"line":2,"column":42}},"10":{"start":{"line":4,"column":19},"end":{"line":4,"column":52}},"11":{"start":{"line":6,"column":14},"end":{"line":6,"column":75}},"12":{"start":{"line":6,"column":95},"end":{"line":6,"column":185}},"13":{"start":{"line":8,"column":6},"end":{"line":16,"column":48}},"14":{"start":{"line":8,"column":35},"end":{"line":8,"column":82}},"15":{"start":{"line":8,"column":98},"end":{"line":8,"column":139}},"16":{"start":{"line":8,"column":139},"end":{"line":8,"column":252}},"17":{"start":{"line":8,"column":253},"end":{"line":16,"column":10}},"18":{"start":{"line":10,"column":6},"end":{"line":13,"column":147}},"19":{"start":{"line":16,"column":10},"end":{"line":16,"column":21}},"20":{"start":{"line":16,"column":49},"end":{"line":16,"column":67}},"21":{"start":{"line":19,"column":13},"end":{"line":24,"column":33}}},"fnMap":{"0":{"name":"(anonymous_0)","decl":{"start":{"line":8,"column":6},"end":{"line":8,"column":7}},"loc":{"start":{"line":8,"column":34},"end":{"line":16,"column":22}},"line":8},"1":{"name":"App","decl":{"start":{"line":8,"column":91},"end":{"line":8,"column":94}},"loc":{"start":{"line":8,"column":97},"end":{"line":8,"column":253}},"line":8},"2":{"name":"render","decl":{"start":{"line":8,"column":319},"end":{"line":8,"column":325}},"loc":{"start":{"line":9,"column":4},"end":{"line":16,"column":5}},"line":9}},"branchMap":{},"s":{"0":2,"1":2,"2":2,"3":2,"4":2,"5":2,"6":2,"7":2,"8":2,"9":2,"10":2,"11":2,"12":2,"13":2,"14":2,"15":2,"16":2,"17":2,"18":2,"19":2,"20":2,"21":2},"f":{"0":2,"1":2,"2":2},"b":{},"_coverageSchema":"332fd63041d2c1bcb487cc26dd0d5f7d97098a6c","hash":"e4468c08b2c492d83ef9fc152150baeace4ff039"}
,"/Users/administrateur/Documents/WORK/GIT/sylvain-app-react-native/sylvain-app/src/phrases/audio-button.js": {"path":"/Users/administrateur/Documents/WORK/GIT/sylvain-app-react-native/sylvain-app/src/phrases/audio-button.js","statementMap":{"0":{"start":{"line":1,"column":42},"end":{"line":1,"column":97}},"1":{"start":{"line":1,"column":98},"end":{"line":1,"column":160}},"2":{"start":{"line":1,"column":160},"end":{"line":1,"column":189}},"3":{"start":{"line":1,"column":208},"end":{"line":1,"column":269}},"4":{"start":{"line":1,"column":293},"end":{"line":1,"column":365}},"5":{"start":{"line":1,"column":386},"end":{"line":1,"column":455}},"6":{"start":{"line":1,"column":490},"end":{"line":1,"column":573}},"7":{"start":{"line":1,"column":597},"end":{"line":1,"column":669}},"8":{"start":{"line":1,"column":687},"end":{"line":1,"column":753}},"9":{"start":{"line":1,"column":767},"end":{"line":1,"column":807}},"10":{"start":{"line":2,"column":19},"end":{"line":2,"column":42}},"11":{"start":{"line":3,"column":19},"end":{"line":3,"column":44}},"12":{"start":{"line":3,"column":64},"end":{"line":3,"column":171}},"13":{"start":{"line":5,"column":14},"end":{"line":20,"column":60}},"14":{"start":{"line":5,"column":47},"end":{"line":5,"column":106}},"15":{"start":{"line":5,"column":161},"end":{"line":5,"column":210}},"16":{"start":{"line":5,"column":210},"end":{"line":5,"column":330}},"17":{"start":{"line":5,"column":300},"end":{"line":5,"column":329}},"18":{"start":{"line":5,"column":330},"end":{"line":5,"column":500}},"19":{"start":{"line":5,"column":500},"end":{"line":8,"column":136}},"20":{"start":{"line":6,"column":38},"end":{"line":8,"column":134}},"21":{"start":{"line":6,"column":101},"end":{"line":8,"column":119}},"22":{"start":{"line":6,"column":112},"end":{"line":8,"column":118}},"23":{"start":{"line":6,"column":159},"end":{"line":6,"column":177}},"24":{"start":{"line":6,"column":177},"end":{"line":7,"column":59}},"25":{"start":{"line":8,"column":14},"end":{"line":8,"column":76}},"26":{"start":{"line":8,"column":94},"end":{"line":8,"column":117}},"27":{"start":{"line":8,"column":136},"end":{"line":8,"column":149}},"28":{"start":{"line":8,"column":150},"end":{"line":20,"column":10}},"29":{"start":{"line":12,"column":6},"end":{"line":17,"column":126}},"30":{"start":{"line":20,"column":10},"end":{"line":20,"column":29}},"31":{"start":{"line":20,"column":61},"end":{"line":20,"column":95}}},"fnMap":{"0":{"name":"(anonymous_0)","decl":{"start":{"line":5,"column":14},"end":{"line":5,"column":15}},"loc":{"start":{"line":5,"column":46},"end":{"line":20,"column":30}},"line":5},"1":{"name":"AudioButton","decl":{"start":{"line":5,"column":115},"end":{"line":5,"column":126}},"loc":{"start":{"line":5,"column":129},"end":{"line":8,"column":150}},"line":5},"2":{"name":"_callee","decl":{"start":{"line":6,"column":27},"end":{"line":6,"column":34}},"loc":{"start":{"line":6,"column":37},"end":{"line":8,"column":135}},"line":6},"3":{"name":"_callee$","decl":{"start":{"line":6,"column":81},"end":{"line":6,"column":89}},"loc":{"start":{"line":6,"column":100},"end":{"line":8,"column":120}},"line":6},"4":{"name":"render","decl":{"start":{"line":8,"column":224},"end":{"line":8,"column":230}},"loc":{"start":{"line":11,"column":4},"end":{"line":20,"column":5}},"line":11}},"branchMap":{"0":{"loc":{"start":{"line":6,"column":112},"end":{"line":8,"column":118}},"type":"switch","locations":[{"start":{"line":6,"column":152},"end":{"line":7,"column":59}},{"start":{"line":7,"column":59},"end":{"line":8,"column":76}},{"start":{"line":8,"column":76},"end":{"line":8,"column":83}},{"start":{"line":8,"column":83},"end":{"line":8,"column":117}}],"line":6},"1":{"loc":{"start":{"line":8,"column":14},"end":{"line":8,"column":75}},"type":"binary-expr","locations":[{"start":{"line":8,"column":14},"end":{"line":8,"column":33}},{"start":{"line":8,"column":37},"end":{"line":8,"column":75}}],"line":8}},"s":{"0":3,"1":3,"2":3,"3":3,"4":3,"5":3,"6":3,"7":3,"8":3,"9":3,"10":3,"11":3,"12":3,"13":3,"14":3,"15":4,"16":4,"17":9,"18":4,"19":4,"20":2,"21":4,"22":4,"23":2,"24":2,"25":2,"26":2,"27":4,"28":3,"29":4,"30":3,"31":3},"f":{"0":3,"1":4,"2":2,"3":4,"4":4},"b":{"0":[2,2,2,2],"1":[2,2]},"_coverageSchema":"332fd63041d2c1bcb487cc26dd0d5f7d97098a6c","hash":"0cb4bf45359ff7048708626275f1d98e7c325386"}
,"/Users/administrateur/Documents/WORK/GIT/sylvain-app-react-native/sylvain-app/src/phrases/audio-player.js": {"path":"/Users/administrateur/Documents/WORK/GIT/sylvain-app-react-native/sylvain-app/src/phrases/audio-player.js","statementMap":{"0":{"start":{"line":1,"column":42},"end":{"line":1,"column":97}},"1":{"start":{"line":1,"column":98},"end":{"line":1,"column":160}},"2":{"start":{"line":1,"column":160},"end":{"line":1,"column":184}},"3":{"start":{"line":1,"column":203},"end":{"line":1,"column":264}},"4":{"start":{"line":1,"column":288},"end":{"line":1,"column":360}},"5":{"start":{"line":1,"column":381},"end":{"line":1,"column":450}},"6":{"start":{"line":1,"column":469},"end":{"line":1,"column":491}},"7":{"start":{"line":3,"column":9},"end":{"line":6,"column":120}},"8":{"start":{"line":3,"column":41},"end":{"line":3,"column":85}},"9":{"start":{"line":3,"column":86},"end":{"line":6,"column":103}},"10":{"start":{"line":4,"column":12},"end":{"line":6,"column":97}},"11":{"start":{"line":4,"column":72},"end":{"line":6,"column":82}},"12":{"start":{"line":4,"column":83},"end":{"line":6,"column":81}},"13":{"start":{"line":4,"column":130},"end":{"line":4,"column":148}},"14":{"start":{"line":4,"column":148},"end":{"line":5,"column":44}},"15":{"start":{"line":5,"column":51},"end":{"line":5,"column":69}},"16":{"start":{"line":5,"column":69},"end":{"line":6,"column":39}},"17":{"start":{"line":6,"column":57},"end":{"line":6,"column":80}},"18":{"start":{"line":6,"column":103},"end":{"line":6,"column":117}},"19":{"start":{"line":6,"column":121},"end":{"line":6,"column":145}}},"fnMap":{"0":{"name":"(anonymous_0)","decl":{"start":{"line":3,"column":9},"end":{"line":3,"column":10}},"loc":{"start":{"line":3,"column":21},"end":{"line":6,"column":118}},"line":3},"1":{"name":"Player","decl":{"start":{"line":3,"column":31},"end":{"line":3,"column":37}},"loc":{"start":{"line":3,"column":40},"end":{"line":3,"column":86}},"line":3},"2":{"name":"play","decl":{"start":{"line":3,"column":159},"end":{"line":3,"column":163}},"loc":{"start":{"line":4,"column":11},"end":{"line":6,"column":98}},"line":4},"3":{"name":"play$","decl":{"start":{"line":4,"column":55},"end":{"line":4,"column":60}},"loc":{"start":{"line":4,"column":71},"end":{"line":6,"column":83}},"line":4}},"branchMap":{"0":{"loc":{"start":{"line":4,"column":83},"end":{"line":6,"column":81}},"type":"switch","locations":[{"start":{"line":4,"column":123},"end":{"line":5,"column":44}},{"start":{"line":5,"column":44},"end":{"line":6,"column":39}},{"start":{"line":6,"column":39},"end":{"line":6,"column":46}},{"start":{"line":6,"column":46},"end":{"line":6,"column":80}}],"line":4}},"s":{"0":4,"1":4,"2":4,"3":4,"4":4,"5":4,"6":4,"7":4,"8":0,"9":4,"10":1,"11":3,"12":3,"13":1,"14":1,"15":1,"16":1,"17":1,"18":4,"19":4},"f":{"0":4,"1":0,"2":1,"3":3},"b":{"0":[1,1,1,1]},"_coverageSchema":"332fd63041d2c1bcb487cc26dd0d5f7d97098a6c","hash":"c4888924800da3165054c9ba409b8bc6413bbb26"}
}
