TN:
SF:/Users/administrateur/Documents/WORK/GIT/sylvain-app-react-native/sylvain-app/src/app.js
FN:8,(anonymous_0)
FN:8,App
FN:8,render
FNF:3
FNH:3
FNDA:2,(anonymous_0)
FNDA:2,App
FNDA:2,render
DA:1,2
DA:2,2
DA:4,2
DA:6,2
DA:8,2
DA:10,2
DA:16,2
DA:19,2
LF:8
LH:8
BRF:0
BRH:0
end_of_record
TN:
SF:/Users/administrateur/Documents/WORK/GIT/sylvain-app-react-native/sylvain-app/src/phrases/audio-button.js
FN:5,(anonymous_0)
FN:5,AudioButton
FN:6,_callee
FN:6,_callee$
FN:8,render
FNF:5
FNH:5
FNDA:3,(anonymous_0)
FNDA:4,AudioButton
FNDA:2,_callee
FNDA:4,_callee$
FNDA:4,render
DA:1,3
DA:2,3
DA:3,3
DA:5,9
DA:6,4
DA:8,4
DA:12,4
DA:20,3
LF:8
LH:8
BRDA:6,0,0,2
BRDA:6,0,1,2
BRDA:6,0,2,2
BRDA:6,0,3,2
BRDA:8,1,0,2
BRDA:8,1,1,2
BRF:6
BRH:6
end_of_record
TN:
SF:/Users/administrateur/Documents/WORK/GIT/sylvain-app-react-native/sylvain-app/src/phrases/audio-player.js
FN:3,(anonymous_0)
FN:3,Player
FN:3,play
FN:4,play$
FNF:4
FNH:3
FNDA:4,(anonymous_0)
FNDA:0,Player
FNDA:1,play
FNDA:3,play$
DA:1,4
DA:3,4
DA:4,3
DA:5,1
DA:6,4
LF:5
LH:5
BRDA:4,0,0,1
BRDA:4,0,1,1
BRDA:4,0,2,1
BRDA:4,0,3,1
BRF:4
BRH:4
end_of_record
